[04/11/2017 15:07:25][                     Landed Cost Posting] Landed Cost Posting Started
[04/11/2017 15:07:25][                     Landed Cost Posting] p_dFrieghtAmount 1126.62
[04/11/2017 15:07:25][                     Landed Cost Posting] p_dInsuranceAmount0.28
[04/11/2017 15:07:25][                     Landed Cost Posting] Landed Cost Creation
[04/11/2017 15:07:27][                     Landed Cost Posting] Completed with SUCCESS
[04/11/2017 19:51:03][                     Landed Cost Posting] Landed Cost Posting Started
[04/11/2017 19:51:03][                     Landed Cost Posting] p_dFrieghtAmount 1126.62
[04/11/2017 19:51:03][                     Landed Cost Posting] p_dInsuranceAmount0.28
[04/11/2017 19:51:03][                     Landed Cost Posting] Landed Cost Creation
[04/11/2017 19:51:04][                     Landed Cost Posting] Completed with SUCCESS
[04/12/2017 09:23:10][                     Landed Cost Posting] Landed Cost Posting Started
[04/12/2017 09:23:11][                     Landed Cost Posting] p_dFrieghtAmount 1126.62
[04/12/2017 09:23:11][                     Landed Cost Posting] p_dInsuranceAmount0.28
[04/12/2017 09:23:11][                     Landed Cost Posting] Landed Cost Creation
[04/12/2017 09:23:13][                     Landed Cost Posting] Completed with SUCCESS
[04/12/2017 13:02:54][                     Landed Cost Posting] Landed Cost Posting Started
[04/12/2017 13:02:55][                     Landed Cost Posting] p_dFrieghtAmount 1126.62
[04/12/2017 13:02:55][                     Landed Cost Posting] p_dInsuranceAmount0.28
[04/12/2017 13:02:55][                     Landed Cost Posting] Landed Cost Creation
[04/12/2017 13:02:56][                     Landed Cost Posting] Completed with SUCCESS
[04/12/2017 13:11:40][                     Landed Cost Posting] Landed Cost Posting Started
[04/12/2017 13:11:40][                     Landed Cost Posting] p_dFrieghtAmount 1929.2
[04/12/2017 13:11:40][                     Landed Cost Posting] p_dInsuranceAmount0.28
[04/12/2017 13:11:40][                     Landed Cost Posting] Landed Cost Creation
[04/12/2017 13:11:41][                     Landed Cost Posting] Completed with SUCCESS
[04/12/2017 13:13:06][                     Landed Cost Posting] Landed Cost Posting Started
[04/12/2017 13:13:06][                     Landed Cost Posting] p_dFrieghtAmount 1117.3
[04/12/2017 13:13:06][                     Landed Cost Posting] p_dInsuranceAmount0.28
[04/12/2017 13:13:06][                     Landed Cost Posting] Landed Cost Creation
[04/12/2017 13:13:07][                     Landed Cost Posting] Completed with SUCCESS
[04/12/2017 13:20:03][                     Landed Cost Posting] Landed Cost Posting Started
[04/12/2017 13:20:03][                     Landed Cost Posting] p_dFrieghtAmount 1199.88
[04/12/2017 13:20:03][                     Landed Cost Posting] p_dInsuranceAmount0.28
[04/12/2017 13:20:03][                     Landed Cost Posting] Landed Cost Creation
[04/12/2017 13:20:04][                     Landed Cost Posting] Completed with SUCCESS
[04/12/2017 15:52:56][                     Landed Cost Posting] Landed Cost Posting Started
[04/12/2017 15:52:57][                     Landed Cost Posting] p_dFrieghtAmount 1680.59
[04/12/2017 15:52:57][                     Landed Cost Posting] p_dInsuranceAmount0.28
[04/12/2017 15:52:57][                     Landed Cost Posting] Landed Cost Creation
[04/12/2017 15:52:59][                     Landed Cost Posting] Completed with SUCCESS
[04/12/2017 16:11:48][                     Landed Cost Posting] Landed Cost Posting Started
[04/12/2017 16:11:49][                     Landed Cost Posting] p_dFrieghtAmount 463.08
[04/12/2017 16:11:49][                     Landed Cost Posting] p_dInsuranceAmount0.28
[04/12/2017 16:11:49][                     Landed Cost Posting] Landed Cost Creation
[04/12/2017 16:11:51][                     Landed Cost Posting] Completed with SUCCESS
[04/12/2017 17:22:33][                     Landed Cost Posting] Landed Cost Posting Started
[04/12/2017 17:22:33][                     Landed Cost Posting] p_dFrieghtAmount 60
[04/12/2017 17:22:33][                     Landed Cost Posting] p_dInsuranceAmount0.28
[04/12/2017 17:22:33][                     Landed Cost Posting] Landed Cost Creation
[04/12/2017 17:22:34][                     Landed Cost Posting] Completed with SUCCESS
