[02/14/2017 14:00:49][                                  Main()] Starting function
[02/14/2017 14:00:49][                                  Main()] Completed with ERROR
[02/14/2017 14:01:20][                                  Main()] Starting function
[02/14/2017 14:01:20][                                  Main()] Completed with ERROR
[02/14/2017 14:01:35][                                  Main()] Starting function
[02/14/2017 14:01:35][                                  Main()] Completed with ERROR
[02/14/2017 14:02:48][                                  Main()] Starting function
[02/14/2017 14:04:10][                                  Main()] Starting function
[02/14/2017 14:04:13][                                  Main()] Initializing public SBO Application object
[02/14/2017 14:04:14][                                  Main()] Retriving SBO application company handle
[02/14/2017 14:04:20][                                  Main()] Connecting Company
[02/14/2017 14:04:22][                                  Main()] Calling ConnectDICompSSO()
[02/14/2017 14:04:27][                      ConnectDICompSSO()] Starting function
[02/14/2017 14:05:17][                      ConnectDICompSSO()] Completed with SUCCESS
[02/14/2017 14:05:22][                                  Main()] Creating Event handler class
[02/14/2017 14:05:22][                      Class_Initialize()] Starting function
[02/14/2017 14:05:22][                      Class_Initialize()] Retriving SBO Application handle
[02/14/2017 14:05:22][                      Class_Initialize()] Completed with SUCCESS
[02/14/2017 14:05:23][                                  Main()] Calling ()
[02/14/2017 14:05:23][              Get Company Initialization] Company Initialization
[02/14/2017 14:05:23][              Get Company Initialization] Completed with Success
[02/14/2017 14:05:24][                                  Main()] Calling AddMenuItems()
[02/14/2017 14:05:25][                                  Main()] Calling CreateTable()
[02/14/2017 14:05:26][                                  Main()] Addon started successfully
[02/14/2017 14:05:30][                                  Main()] Addon started successfully
[02/14/2017 14:05:35][                                  Main()] Addon started successfully
[02/14/2017 14:05:37][                                  Main()] Addon started successfully
[02/14/2017 14:05:39][                                  Main()] Addon started successfully
[02/14/2017 14:05:41][                                  Main()] Addon started successfully
[02/14/2017 14:05:44][                                  Main()] Addon started successfully
[02/14/2017 14:05:46][                                  Main()] Addon started successfully
[02/14/2017 14:05:49][                                  Main()] Addon started successfully
[02/14/2017 14:05:52][                                  Main()] Addon started successfully
[02/14/2017 14:07:38][                                  Main()] Addon started successfully
[02/14/2017 14:07:38][                                  Main()] Addon started successfully
[02/14/2017 14:07:38][                                  Main()] Addon started successfully
[02/14/2017 14:07:38][                                  Main()] Addon started successfully
