[02/09/2017 16:04:38][                                  Main()] Calling AddMenuItems()
[02/09/2017 16:04:39][                         Single_Signon()] Starting function
[02/09/2017 16:05:09][                         Single_Signon()] Completed with SUCCESS
[02/09/2017 16:05:11][                         Single_Signon()] Calling Add tables
[02/09/2017 16:05:11][                         Single_Signon()] Calling function CreateFields() for creating UDF.....
[02/09/2017 16:05:11][                                        ] Creating UDT Table....
[02/09/2017 16:05:11][                                        ] This entry already exists in the following tables (ODBC -2035)
[02/09/2017 16:05:11][                                        ] Creating UDT Table....
[02/09/2017 16:05:11][                                        ] This entry already exists in the following tables (ODBC -2035)
[02/09/2017 16:05:11][                                        ] Creating UDT Table....
[02/09/2017 16:05:11][                                        ] This entry already exists in the following tables (ODBC -2035)
[02/09/2017 16:05:11][              AddFields - clsTable class] Adding fields to the database table.....
[02/09/2017 16:05:11][              AddFields - clsTable class] Failed or fields already exist in table.....
[02/09/2017 16:05:11][              AddFields - clsTable class] Adding fields to the database table.....
[02/09/2017 16:05:11][              AddFields - clsTable class] Failed or fields already exist in table.....
[02/09/2017 16:05:12][              AddFields - clsTable class] Adding fields to the database table.....
[02/09/2017 16:05:12][              AddFields - clsTable class] Failed or fields already exist in table.....
[02/09/2017 16:05:12][              AddFields - clsTable class] Adding fields to the database table.....
[02/09/2017 16:05:12][              AddFields - clsTable class] Failed or fields already exist in table.....
[02/09/2017 16:05:12][              AddFields - clsTable class] Adding fields to the database table.....
[02/09/2017 16:05:12][              AddFields - clsTable class] Failed or fields already exist in table.....
[02/09/2017 16:05:12][              AddFields - clsTable class] Adding fields to the database table.....
[02/09/2017 16:05:12][              AddFields - clsTable class] Failed or fields already exist in table.....
[02/09/2017 16:05:12][              AddFields - clsTable class] Adding fields to the database table.....
[02/09/2017 16:05:13][              AddFields - clsTable class] Failed or fields already exist in table.....
[02/09/2017 16:05:13][              AddFields - clsTable class] Adding fields to the database table.....
[02/09/2017 16:05:13][              AddFields - clsTable class] Failed or fields already exist in table.....
[02/09/2017 16:05:13][              AddFields - clsTable class] Adding fields to the database table.....
[02/09/2017 16:05:13][              AddFields - clsTable class] Failed or fields already exist in table.....
[02/09/2017 16:05:13][              AddFields - clsTable class] Adding fields to the database table.....
[02/09/2017 16:05:13][              AddFields - clsTable class] Failed or fields already exist in table.....
[02/09/2017 16:05:13][              AddFields - clsTable class] Adding fields to the database table.....
[02/09/2017 16:05:13][              AddFields - clsTable class] Failed or fields already exist in table.....
[02/09/2017 16:05:13][              AddFields - clsTable class] Adding fields to the database table.....
[02/09/2017 16:05:13][              AddFields - clsTable class] Failed or fields already exist in table.....
[02/09/2017 16:05:13][              AddFields - clsTable class] Adding fields to the database table.....
[02/09/2017 16:05:14][              AddFields - clsTable class] Failed or fields already exist in table.....
[02/09/2017 16:05:14][              AddFields - clsTable class] Adding fields to the database table.....
[02/09/2017 16:05:14][              AddFields - clsTable class] Failed or fields already exist in table.....
[02/09/2017 16:05:14][                                  Main()] Addon started successfully
[02/09/2017 16:05:14][                         Single_Signon()] Calling GetSystemIntializeInfo()
[02/09/2017 16:05:14][                GetSystemIntializeInfo()] Starting Function
[02/09/2017 16:05:14][                GetSystemIntializeInfo()] HANA-CRYSTALDETAILS  SELECT T0."Code", T0."Name" FROM "@AE_CRYSTALDETAILS"  T0
[02/09/2017 16:05:14][                GetSystemIntializeInfo()] HANA-EMAIL  SELECT Top 1 T0."U_SMTP", T0."U_PORT", T0."U_Email", T0."U_Username", T0."U_Password" FROM "@AE_COMPANYDATA"  T0
[02/09/2017 16:05:14][                GetSystemIntializeInfo()] HANA-EMAIL ID  SELECT T0."GlblLocNum" FROM ADM1 T0
[02/09/2017 16:05:14][                GetSystemIntializeInfo()] Completed with SUCCESS
[02/09/2017 16:05:28][                        Set_Conditions()] Starting function
[02/09/2017 16:05:28][                        Set_Conditions()] Completed with SUCCESS
[02/09/2017 16:08:04][             SBO_Application_ItemEvent()] Calling HeaderValidation()
[02/09/2017 16:08:04][                      HeaderValidation()] Starting function
[02/09/2017 16:08:04][                      HeaderValidation()] Completed with SUCCESS
[02/09/2017 16:08:05][             SBO_Application_ItemEvent()] Calling Loading_AgingDetails()
[02/09/2017 16:08:05][                  Loading_AgingDetails()] Starting function
[02/09/2017 16:08:05][                  Loading_AgingDetails()] Calling AgingDate()
[02/09/2017 16:08:05][                  Loading_AgingDetails()] SQL CALL AE_SP001_SOA ('A000001','ZIMHKH','20170209')
[02/09/2017 16:08:06][                  Loading_AgingDetails()] Completed with SUCCESS
[02/09/2017 16:08:15][             SBO_Application_ItemEvent()] Calling RowValidation()
[02/09/2017 16:08:15][                         RowValidation()] Starting function
[02/09/2017 16:08:15][                         RowValidation()] Completed with SUCCESS
[02/09/2017 16:08:15][             SBO_Application_ItemEvent()] Opening PDF.......
[02/09/2017 16:08:15][             SBO_Application_ItemEvent()] Calling ExportToPDF() 
[02/09/2017 16:08:18][                           ExportToPDF()] Starting Function
[02/09/2017 16:08:18][                           ExportToPDF()] Report File Name:E:\Abeo Projects\ISDN\1. Source\Statement of Account\Backup\AE_ISDN_A02\bin\Debug\Statement_of_Account_V2.rpt
[02/09/2017 16:08:18][                           ExportToPDF()] Loading Report
[02/09/2017 16:08:20][                           ExportToPDF()] Connection Information
[02/09/2017 16:08:21][                           ExportToPDF()] Checking for subreport
[02/09/2017 16:08:21][                           ExportToPDF()] Parameter Passing
[02/09/2017 16:08:21][                           ExportToPDF()] Target File Name:E:\Abeo Projects\ISDN\1. Source\Statement of Account\Backup\AE_ISDN_A02\bin\Debug\Statement of Account_09-02-2017.PDF
[02/09/2017 16:08:22][                           ExportToPDF()] Before Export PDF
[02/09/2017 16:08:26][                           ExportToPDF()] After Export PDF
[02/09/2017 16:08:26][                           ExportToPDF()] Completed with SUCCESS
[02/09/2017 16:08:27][                           ExportToPDF()] Calling EndStatus()
[02/09/2017 16:08:27][                 SendEmailNotification()] Starting Function...
[02/09/2017 16:08:30][                 SendEmailNotification()] Completed with SUCCESS
[02/09/2017 16:08:31][                              ErrorLog()] Starting Function...
[02/09/2017 16:08:32][                              ErrorLog()] Data Added successfuly
[02/09/2017 16:08:32][                              ErrorLog()] Completed with SUCCESS
[02/09/2017 16:14:56][                                  Main()] Calling AddMenuItems()
[02/09/2017 16:14:56][                         Single_Signon()] Starting function
[02/09/2017 16:15:03][                         Single_Signon()] Completed with SUCCESS
[02/09/2017 16:15:03][                         Single_Signon()] Calling Add tables
[02/09/2017 16:15:03][                         Single_Signon()] Calling function CreateFields() for creating UDF.....
[02/09/2017 16:15:03][                                        ] Creating UDT Table....
[02/09/2017 16:15:04][                                        ] This entry already exists in the following tables (ODBC -2035)
[02/09/2017 16:15:04][                                        ] Creating UDT Table....
[02/09/2017 16:15:04][                                        ] This entry already exists in the following tables (ODBC -2035)
[02/09/2017 16:15:04][                                        ] Creating UDT Table....
[02/09/2017 16:15:04][                                        ] This entry already exists in the following tables (ODBC -2035)
[02/09/2017 16:15:04][              AddFields - clsTable class] Adding fields to the database table.....
[02/09/2017 16:15:04][              AddFields - clsTable class] Failed or fields already exist in table.....
[02/09/2017 16:15:04][              AddFields - clsTable class] Adding fields to the database table.....
[02/09/2017 16:15:04][              AddFields - clsTable class] Failed or fields already exist in table.....
[02/09/2017 16:15:05][              AddFields - clsTable class] Adding fields to the database table.....
[02/09/2017 16:15:05][              AddFields - clsTable class] Failed or fields already exist in table.....
[02/09/2017 16:15:05][              AddFields - clsTable class] Adding fields to the database table.....
[02/09/2017 16:15:05][              AddFields - clsTable class] Failed or fields already exist in table.....
[02/09/2017 16:15:05][              AddFields - clsTable class] Adding fields to the database table.....
[02/09/2017 16:15:05][              AddFields - clsTable class] Failed or fields already exist in table.....
[02/09/2017 16:15:05][              AddFields - clsTable class] Adding fields to the database table.....
[02/09/2017 16:15:06][              AddFields - clsTable class] Failed or fields already exist in table.....
[02/09/2017 16:15:06][              AddFields - clsTable class] Adding fields to the database table.....
[02/09/2017 16:15:06][              AddFields - clsTable class] Failed or fields already exist in table.....
[02/09/2017 16:15:06][              AddFields - clsTable class] Adding fields to the database table.....
[02/09/2017 16:15:06][              AddFields - clsTable class] Failed or fields already exist in table.....
[02/09/2017 16:15:06][              AddFields - clsTable class] Adding fields to the database table.....
[02/09/2017 16:15:07][              AddFields - clsTable class] Failed or fields already exist in table.....
[02/09/2017 16:15:07][              AddFields - clsTable class] Adding fields to the database table.....
[02/09/2017 16:15:07][              AddFields - clsTable class] Failed or fields already exist in table.....
[02/09/2017 16:15:07][              AddFields - clsTable class] Adding fields to the database table.....
[02/09/2017 16:15:07][              AddFields - clsTable class] Failed or fields already exist in table.....
[02/09/2017 16:15:07][              AddFields - clsTable class] Adding fields to the database table.....
[02/09/2017 16:15:08][              AddFields - clsTable class] Failed or fields already exist in table.....
[02/09/2017 16:15:08][              AddFields - clsTable class] Adding fields to the database table.....
[02/09/2017 16:15:08][              AddFields - clsTable class] Failed or fields already exist in table.....
[02/09/2017 16:15:08][              AddFields - clsTable class] Adding fields to the database table.....
[02/09/2017 16:15:08][              AddFields - clsTable class] Failed or fields already exist in table.....
[02/09/2017 16:15:08][                                  Main()] Addon started successfully
[02/09/2017 16:15:08][                         Single_Signon()] Calling GetSystemIntializeInfo()
[02/09/2017 16:15:08][                GetSystemIntializeInfo()] Starting Function
[02/09/2017 16:15:08][                GetSystemIntializeInfo()] HANA-CRYSTALDETAILS  SELECT T0."Code", T0."Name" FROM "@AE_CRYSTALDETAILS"  T0
[02/09/2017 16:15:08][                GetSystemIntializeInfo()] HANA-EMAIL  SELECT Top 1 T0."U_SMTP", T0."U_PORT", T0."U_Email", T0."U_Username", T0."U_Password" FROM "@AE_COMPANYDATA"  T0
[02/09/2017 16:15:08][                GetSystemIntializeInfo()] HANA-EMAIL ID  SELECT T0."GlblLocNum" FROM ADM1 T0
[02/09/2017 16:15:09][                GetSystemIntializeInfo()] Completed with SUCCESS
[02/09/2017 16:16:21][                                  Main()] Calling AddMenuItems()
[02/09/2017 16:16:21][                         Single_Signon()] Starting function
[02/09/2017 16:16:25][                         Single_Signon()] Completed with SUCCESS
[02/09/2017 16:16:26][                         Single_Signon()] Calling Add tables
[02/09/2017 16:16:26][                         Single_Signon()] Calling function CreateFields() for creating UDF.....
[02/09/2017 16:16:26][                                        ] Creating UDT Table....
[02/09/2017 16:16:26][                                        ] This entry already exists in the following tables (ODBC -2035)
[02/09/2017 16:16:26][                                        ] Creating UDT Table....
[02/09/2017 16:16:26][                                        ] This entry already exists in the following tables (ODBC -2035)
[02/09/2017 16:16:26][                                        ] Creating UDT Table....
[02/09/2017 16:16:26][                                        ] This entry already exists in the following tables (ODBC -2035)
[02/09/2017 16:16:26][              AddFields - clsTable class] Adding fields to the database table.....
[02/09/2017 16:16:26][              AddFields - clsTable class] Failed or fields already exist in table.....
[02/09/2017 16:16:27][              AddFields - clsTable class] Adding fields to the database table.....
[02/09/2017 16:16:27][              AddFields - clsTable class] Failed or fields already exist in table.....
[02/09/2017 16:16:27][              AddFields - clsTable class] Adding fields to the database table.....
[02/09/2017 16:16:27][              AddFields - clsTable class] Failed or fields already exist in table.....
[02/09/2017 16:16:27][              AddFields - clsTable class] Adding fields to the database table.....
[02/09/2017 16:16:27][              AddFields - clsTable class] Failed or fields already exist in table.....
[02/09/2017 16:16:28][              AddFields - clsTable class] Adding fields to the database table.....
[02/09/2017 16:16:28][              AddFields - clsTable class] Failed or fields already exist in table.....
[02/09/2017 16:16:28][              AddFields - clsTable class] Adding fields to the database table.....
[02/09/2017 16:16:28][              AddFields - clsTable class] Failed or fields already exist in table.....
[02/09/2017 16:16:28][              AddFields - clsTable class] Adding fields to the database table.....
[02/09/2017 16:16:28][              AddFields - clsTable class] Failed or fields already exist in table.....
[02/09/2017 16:16:29][              AddFields - clsTable class] Adding fields to the database table.....
[02/09/2017 16:16:29][              AddFields - clsTable class] Failed or fields already exist in table.....
[02/09/2017 16:16:29][              AddFields - clsTable class] Adding fields to the database table.....
[02/09/2017 16:16:30][              AddFields - clsTable class] Failed or fields already exist in table.....
[02/09/2017 16:16:30][              AddFields - clsTable class] Adding fields to the database table.....
[02/09/2017 16:16:30][              AddFields - clsTable class] Failed or fields already exist in table.....
[02/09/2017 16:16:30][              AddFields - clsTable class] Adding fields to the database table.....
[02/09/2017 16:16:30][              AddFields - clsTable class] Failed or fields already exist in table.....
[02/09/2017 16:16:30][              AddFields - clsTable class] Adding fields to the database table.....
[02/09/2017 16:16:31][              AddFields - clsTable class] Failed or fields already exist in table.....
[02/09/2017 16:16:31][              AddFields - clsTable class] Adding fields to the database table.....
[02/09/2017 16:16:31][              AddFields - clsTable class] Failed or fields already exist in table.....
[02/09/2017 16:16:31][              AddFields - clsTable class] Adding fields to the database table.....
[02/09/2017 16:16:31][              AddFields - clsTable class] Failed or fields already exist in table.....
[02/09/2017 16:16:31][                                  Main()] Addon started successfully
[02/09/2017 16:16:31][                         Single_Signon()] Calling GetSystemIntializeInfo()
[02/09/2017 16:16:31][                GetSystemIntializeInfo()] Starting Function
[02/09/2017 16:16:31][                GetSystemIntializeInfo()] HANA-CRYSTALDETAILS  SELECT T0."Code", T0."Name" FROM "@AE_CRYSTALDETAILS"  T0
[02/09/2017 16:16:31][                GetSystemIntializeInfo()] HANA-EMAIL  SELECT Top 1 T0."U_SMTP", T0."U_PORT", T0."U_Email", T0."U_Username", T0."U_Password" FROM "@AE_COMPANYDATA"  T0
[02/09/2017 16:16:31][                GetSystemIntializeInfo()] HANA-EMAIL ID  SELECT T0."GlblLocNum" FROM ADM1 T0
[02/09/2017 16:16:31][                GetSystemIntializeInfo()] Completed with SUCCESS
[02/09/2017 16:16:43][                        Set_Conditions()] Starting function
[02/09/2017 16:16:43][                        Set_Conditions()] Completed with SUCCESS
